# JRE version: Java(TM) SE Runtime Environment (22.0.2+9) (build 22.0.2+9-70)
# Java VM: Java HotSpot(TM) 64-Bit Server VM (22.0.2+9-70, mixed mode, sharing, tiered, compressed oops, compressed class ptrs, g1 gc, windows-amd64)
GC Precious Log:
 CardTable entry size: 512
 Card Set container configuration: InlinePtr #cards 4 size 8 Array Of Cards #cards 32 size 80 Howl #buckets 8 coarsen threshold 7372 Howl Bitmap #cards 1024 size 144 coarsen threshold 921 Card regions per heap region 1 cards per card region 8192
 CPUs: 12 total, 12 available
 Memory: 31861M
 Large Page Support: Disabled
 NUMA Support: Disabled
 Compressed Oops: Enabled (Zero based)
 Heap Region Size: 4M
 Heap Min Capacity: 8M
 Heap Initial Capacity: 500M
 Heap Max Capacity: 7968M
 Pre-touch: Disabled
 Parallel Workers: 10
 Concurrent Workers: 3
 Concurrent Refinement Workers: 10
 Periodic GC: Disabled
Heap:
 garbage-first heap   total reserved 8159232K, committed 1261568K, used 614944K [0x000000060e000000, 0x0000000800000000)
  region size 4096K, 5 young (20480K), 5 survivors (20480K)
 Metaspace       used 4662K, committed 4864K, reserved 1114112K
  class space    used 551K, committed 640K, reserved 1048576K
GC Heap History (19 events):
Event: 0.419 GC heap before
{Heap before GC invocations=0 (full 0):
 garbage-first heap   total reserved 8159232K, committed 512000K, used 20480K [0x000000060e000000, 0x0000000800000000)
  region size 4096K, 6 young (24576K), 0 survivors (0K)
 Metaspace       used 4203K, committed 4352K, reserved 1114112K
  class space    used 498K, committed 576K, reserved 1048576K
}
Event: 0.422 GC heap after
{Heap after GC invocations=1 (full 0):
 garbage-first heap   total reserved 8159232K, committed 512000K, used 2578K [0x000000060e000000, 0x0000000800000000)
  region size 4096K, 1 young (4096K), 1 survivors (4096K)
 Metaspace       used 4203K, committed 4352K, reserved 1114112K
  class space    used 498K, committed 576K, reserved 1048576K
}
Event: 0.741 GC heap before
{Heap before GC invocations=1 (full 0):
 garbage-first heap   total reserved 8159232K, committed 512000K, used 141842K [0x000000060e000000, 0x0000000800000000)
  region size 4096K, 13 young (53248K), 1 survivors (4096K)
 Metaspace       used 4629K, committed 4800K, reserved 1114112K
  class space    used 550K, committed 640K, reserved 1048576K
}
Event: 0.759 GC heap after
{Heap after GC invocations=2 (full 0):
 garbage-first heap   total reserved 8159232K, committed 512000K, used 132590K [0x000000060e000000, 0x0000000800000000)
  region size 4096K, 2 young (8192K), 2 survivors (8192K)
 Metaspace       used 4629K, committed 4800K, reserved 1114112K
  class space    used 550K, committed 640K, reserved 1048576K
}
Event: 0.795 GC heap before
{Heap before GC invocations=2 (full 0):
 garbage-first heap   total reserved 8159232K, committed 512000K, used 161262K [0x000000060e000000, 0x0000000800000000)
  region size 4096K, 10 young (40960K), 2 survivors (8192K)
 Metaspace       used 4630K, committed 4800K, reserved 1114112K
  class space    used 550K, committed 640K, reserved 1048576K
}
Event: 0.806 GC heap after
{Heap after GC invocations=3 (full 0):
 garbage-first heap   total reserved 8159232K, committed 512000K, used 157689K [0x000000060e000000, 0x0000000800000000)
  region size 4096K, 2 young (8192K), 2 survivors (8192K)
 Metaspace       used 4630K, committed 4800K, reserved 1114112K
  class space    used 550K, committed 640K, reserved 1048576K
}
Event: 0.842 GC heap before
{Heap before GC invocations=3 (full 0):
 garbage-first heap   total reserved 8159232K, committed 512000K, used 186361K [0x000000060e000000, 0x0000000800000000)
  region size 4096K, 10 young (40960K), 2 survivors (8192K)
 Metaspace       used 4630K, committed 4800K, reserved 1114112K
  class space    used 550K, committed 640K, reserved 1048576K
}
Event: 0.853 GC heap after
{Heap after GC invocations=4 (full 0):
 garbage-first heap   total reserved 8159232K, committed 512000K, used 181742K [0x000000060e000000, 0x0000000800000000)
  region size 4096K, 2 young (8192K), 2 survivors (8192K)
 Metaspace       used 4630K, committed 4800K, reserved 1114112K
  class space    used 550K, committed 640K, reserved 1048576K
}
Event: 0.900 GC heap before
{Heap before GC invocations=4 (full 0):
 garbage-first heap   total reserved 8159232K, committed 512000K, used 222702K [0x000000060e000000, 0x0000000800000000)
  region size 4096K, 13 young (53248K), 2 survivors (8192K)
 Metaspace       used 4630K, committed 4800K, reserved 1114112K
  class space    used 550K, committed 640K, reserved 1048576K
}
Event: 0.916 GC heap after
{Heap after GC invocations=5 (full 0):
 garbage-first heap   total reserved 8159232K, committed 512000K, used 215523K [0x000000060e000000, 0x0000000800000000)
  region size 4096K, 2 young (8192K), 2 survivors (8192K)
 Metaspace       used 4630K, committed 4800K, reserved 1114112K
  class space    used 550K, committed 640K, reserved 1048576K
}
Event: 1.319 GC heap before
{Heap before GC invocations=5 (full 0):
 garbage-first heap   total reserved 8159232K, committed 512000K, used 285155K [0x000000060e000000, 0x0000000800000000)
  region size 4096K, 17 young (69632K), 2 survivors (8192K)
 Metaspace       used 4657K, committed 4864K, reserved 1114112K
  class space    used 551K, committed 640K, reserved 1048576K
}
Event: 1.344 GC heap after
{Heap after GC invocations=6 (full 0):
 garbage-first heap   total reserved 8159232K, committed 1261568K, used 279034K [0x000000060e000000, 0x0000000800000000)
  region size 4096K, 3 young (12288K), 3 survivors (12288K)
 Metaspace       used 4657K, committed 4864K, reserved 1114112K
  class space    used 551K, committed 640K, reserved 1048576K
}
Event: 1.599 GC heap before
{Heap before GC invocations=6 (full 0):
 garbage-first heap   total reserved 8159232K, committed 1261568K, used 381434K [0x000000060e000000, 0x0000000800000000)
  region size 4096K, 20 young (81920K), 3 survivors (12288K)
 Metaspace       used 4662K, committed 4864K, reserved 1114112K
  class space    used 551K, committed 640K, reserved 1048576K
}
Event: 1.626 GC heap after
{Heap after GC invocations=7 (full 0):
 garbage-first heap   total reserved 8159232K, committed 1261568K, used 371910K [0x000000060e000000, 0x0000000800000000)
  region size 4096K, 3 young (12288K), 3 survivors (12288K)
 Metaspace       used 4662K, committed 4864K, reserved 1114112K
  class space    used 551K, committed 640K, reserved 1048576K
}
Event: 1.749 GC heap before
{Heap before GC invocations=7 (full 0):
 garbage-first heap   total reserved 8159232K, committed 1261568K, used 449734K [0x000000060e000000, 0x0000000800000000)
  region size 4096K, 23 young (94208K), 3 survivors (12288K)
 Metaspace       used 4662K, committed 4864K, reserved 1114112K
  class space    used 551K, committed 640K, reserved 1048576K
}
Event: 1.782 GC heap after
{Heap after GC invocations=8 (full 0):
 garbage-first heap   total reserved 8159232K, committed 1261568K, used 437446K [0x000000060e000000, 0x0000000800000000)
  region size 4096K, 3 young (12288K), 3 survivors (12288K)
 Metaspace       used 4662K, committed 4864K, reserved 1114112K
  class space    used 551K, committed 640K, reserved 1048576K
}
Event: 1.918 GC heap before
{Heap before GC invocations=8 (full 0):
 garbage-first heap   total reserved 8159232K, committed 1261568K, used 531654K [0x000000060e000000, 0x0000000800000000)
  region size 4096K, 27 young (110592K), 3 survivors (12288K)
 Metaspace       used 4662K, committed 4864K, reserved 1114112K
  class space    used 551K, committed 640K, reserved 1048576K
}
Event: 1.929 GC heap after
{Heap after GC invocations=9 (full 0):
 garbage-first heap   total reserved 8159232K, committed 1261568K, used 516640K [0x000000060e000000, 0x0000000800000000)
  region size 4096K, 4 young (16384K), 4 survivors (16384K)
 Metaspace       used 4662K, committed 4864K, reserved 1114112K
  class space    used 551K, committed 640K, reserved 1048576K
}
Event: 2.114 GC heap before
{Heap before GC invocations=9 (full 0):
 garbage-first heap   total reserved 8159232K, committed 1261568K, used 635424K [0x000000060e000000, 0x0000000800000000)
  region size 4096K, 34 young (139264K), 4 survivors (16384K)
 Metaspace       used 4662K, committed 4864K, reserved 1114112K
  class space    used 551K, committed 640K, reserved 1048576K
}

